


ARM Macro Assembler    Page 1 


    1 00000000                 PRESERVE8
    2 00000000                 THUMB
    3 00000000         
    4 00000000         
    5 00000000         ; ====================== zone de réservation de données,
                         ======================================
    6 00000000         ;Section RAM (read only) :
    7 00000000                 area             mesdata,data,readonly
    8 00000000         
    9 00000000         
   10 00000000         ;Section RAM (read write):
   11 00000000                 area             maram,data,readwrite
   12 00000000         
   13 00000000         
   14 00000000         
   15 00000000         ; ======================================================
                       =========================================
   16 00000000         
   17 00000000         
   18 00000000         
   19 00000000         
   20 00000000         ;Section ROM code (read only) :  
   21 00000000                 area             moncode,code,readonly
   22 00000000         ; écrire le code ici  
   23 00000000                 export           DFT_ModuleAuCarre
   24 00000000                 include          ../Driver/DriverJeuLaser.inc
    1 00000000         
    2 00000000         ; Bibliotheque DriverJeuLaser (ancienne gassp72 adaptée 
                       2021 - TR)
    3 00000000         ; Accès en aux fonctions suivantes :
    4 00000000         ; GPIO :
    5 00000000         ; GPIOA_Set(char Broche), GPIOB_Set(char Broche), GPIOC_
                       Set(char Broche)
    6 00000000         ; GPIOA_Clear(char Broche), GPIOB_Clear(char Broche), GP
                       IOC_Clear(char Broche)
    7 00000000         
    8 00000000         ; PWM :
    9 00000000         ;/**
   10 00000000         ; * @brief  Fixe une valeur de PWM, Val, en tick horloge
                       . La rapport cyclique effectif
   11 00000000         ; * est donc : rcy = Thaut_ticks / Periode_ticks
   12 00000000         ; * @note   spécifique Jeu Laser, PWM liée exclusivement
                        au TIM3, chan3
   13 00000000         ; * @param  Thaut_ticks : durée de l'état haut d'une imp
                       ulsion en Ticks
   14 00000000         ;  * @retval None
   15 00000000         ; */
   16 00000000         
   17 00000000         ;void PWM_Set_Value_TIM3_Ch3( unsigned short int Thaut_t
                       icks);
   18 00000000                 import           PWM_Set_Value_TIM3_Ch3
   19 00000000         
   20 00000000         
   21 00000000         
   22 00000000         ;/**
   23 00000000         ; * @brief  Mise à 1 d'une broche GPIO 
   24 00000000         ;  * @note   Une fonction par GPIO
   25 00000000         ; * @param  Broche : 0 à 15
   26 00000000         ; * @retval None



ARM Macro Assembler    Page 2 


   27 00000000         ; */
   28 00000000         
   29 00000000         ;void GPIOA_Set(char Broche);
   30 00000000                 import           GPIOA_Set
   31 00000000         
   32 00000000         ;void GPIOB_Set(char Broche);
   33 00000000                 import           GPIOB_Set
   34 00000000         
   35 00000000         ;void GPIOC_Set(char Broche);
   36 00000000                 import           GPIOC_Set
   37 00000000         
   38 00000000         
   39 00000000         
   40 00000000         ;/**
   41 00000000         ; * @brief  Mise à 0 d'une broche GPIO 
   42 00000000         ;  * @note   Une fonction par GPIO
   43 00000000         ; * @param  Broche : 0 à 15
   44 00000000         ; * @retval None
   45 00000000         ;  */
   46 00000000         
   47 00000000         ;void GPIOA_Clear(char Broche);
   48 00000000                 import           GPIOA_Clear
   49 00000000         
   50 00000000         ;void GPIOB_Clear(char Broche);
   51 00000000                 import           GPIOB_Clear
   52 00000000         
   53 00000000         ;void GPIOC_Clear(char Broche);
   54 00000000                 import           GPIOC_Clear
   55 00000000         
   56 00000000                 end
   25 00000000                 export           Calcul
   26 00000000         
   27 00000000         
   28 00000000         
   29 00000000         Calcul  proc
   30 00000000         ; r0 -> k
   31 00000000         ; r1 -> adresse TabCos / TabSin
   32 00000000         ; r2 -> adresse dma_buff 
   33 00000000 F04F 0300       mov              r3, #0x00   ; ; r3 -> compteur 
                                                            n
   34 00000004 F04F 0C00       mov              r12, #0x00  ; ; r12 -> resultat
                                                             temporaire
   35 00000008         
   36 00000008         compare                              ; on vérifie si i !
                                                            = 64
   37 00000008 2B40            cmp              r3, #64     ;
   38 0000000A D100            bne              loop
   39 0000000C E015            b                end_loop
   40 0000000E         
   41 0000000E         loop
   42 0000000E B402            push{r1}
   43 00000010 F84D CD04       push             {r12}
   44 00000014 FB01 F103       mul              r1, r1, r3  ; p=k*n
   45 00000018 F001 013F       and              r1, #63     ; modulo 64 
   46 0000001C F932 C011       ldrsh            r12, [r2, r1, LSL #1] 
                                                            ; Tabcos (p)
   47 00000020 4661            mov              r1, r12
   48 00000022 F930 C013       ldrsh            r12 , [r0, r3, LSL #1] ; x(n)
   49 00000026 FB0C FC01       mul              r12, r12 , r1 ;x(n) * Tabcos(p)



ARM Macro Assembler    Page 3 


                                                            
   50 0000002A F103 0301       add              r3, #1
   51 0000002E 4661            mov              r1, r12
   52 00000030 F85D CB04       pop              {r12}
   53 00000034 448C            add              r12, r1
   54 00000036 BC02            pop              {r1}
   55 00000038 E7E6            b                compare
   56 0000003A         
   57 0000003A         end_loop
   58 0000003A 4660            mov              r0 , r12
   59 0000003C 4770            bx               lr
   60 0000003E                 endp
   61 0000003E         
   62 0000003E         DFT_ModuleAuCarre
                               proc
   63 0000003E 4A09            ldr              r2,=TabCos
   64 00000040 B501            push             {LR,r0}
   65 00000042 F7FF FFFE       bl               Calcul
   66 00000046 4603            mov              r3, r0
   67 00000048 BC01            pop              {r0}
   68 0000004A B408            push             {r3}
   69 0000004C 4A06            ldr              r2,=TabSin
   70 0000004E F7FF FFFE       bl               Calcul
   71 00000052 4684            mov              r12 , r0    ; Im dans r12
   72 00000054 BC08            pop{r3}
   73 00000056 FB83 1203       smull            r1, r2, r3 , r3 ; Re^2
   74 0000005A FBCC 120C       smlal            r1, r2, r12 , r12 ; Re^2 +Im^2
   75 0000005E 4610            mov              r0, r2      ;
   76 00000060 BD00            pop              {PC}
   77 00000062         
   78 00000062 4770            bx               lr
   79 00000064                 endp
   80 00000064         
   81 00000064         ;Section ROM code (read only) :  
   82 00000064 00000000 
              00000000         AREA             Trigo, DATA, READONLY
   83 00000000         ; codage fractionnaire 1.15
   84 00000000         
   85 00000000         
   86 00000000         
   87 00000000         TabCos
   88 00000000 FF 7F           DCW              32767       ;  0 0x7fff  0.9999
                                                            7
   89 00000002 62 7F           DCW              32610       ;  1 0x7f62  0.9951
                                                            8
   90 00000004 8A 7D           DCW              32138       ;  2 0x7d8a  0.9807
                                                            7
   91 00000006 7D 7A           DCW              31357       ;  3 0x7a7d  0.9569
                                                            4
   92 00000008 42 76           DCW              30274       ;  4 0x7642  0.9238
                                                            9
   93 0000000A E3 70           DCW              28899       ;  5 0x70e3  0.8819
                                                            3
   94 0000000C 6E 6A           DCW              27246       ;  6 0x6a6e  0.8314
                                                            8
   95 0000000E F2 62           DCW              25330       ;  7 0x62f2  0.7730
                                                            1
   96 00000010 82 5A           DCW              23170       ;  8 0x5a82  0.7070
                                                            9



ARM Macro Assembler    Page 4 


   97 00000012 34 51           DCW              20788       ;  9 0x5134  0.6344
                                                            0
   98 00000014 1D 47           DCW              18205       ; 10 0x471d  0.5555
                                                            7
   99 00000016 57 3C           DCW              15447       ; 11 0x3c57  0.4714
                                                            1
  100 00000018 FC 30           DCW              12540       ; 12 0x30fc  0.3826
                                                            9
  101 0000001A 28 25           DCW              9512        ; 13 0x2528  0.2902
                                                            8
  102 0000001C F9 18           DCW              6393        ; 14 0x18f9  0.1951
                                                            0
  103 0000001E 8C 0C           DCW              3212        ; 15 0x0c8c  0.0980
                                                            2
  104 00000020 00 00           DCW              0           ; 16 0x0000  0.0000
                                                            0
  105 00000022 74 F3           DCW              -3212       ; 17 0xf374 -0.0980
                                                            2
  106 00000024 07 E7           DCW              -6393       ; 18 0xe707 -0.1951
                                                            0
  107 00000026 D8 DA           DCW              -9512       ; 19 0xdad8 -0.2902
                                                            8
  108 00000028 04 CF           DCW              -12540      ; 20 0xcf04 -0.3826
                                                            9
  109 0000002A A9 C3           DCW              -15447      ; 21 0xc3a9 -0.4714
                                                            1
  110 0000002C E3 B8           DCW              -18205      ; 22 0xb8e3 -0.5555
                                                            7
  111 0000002E CC AE           DCW              -20788      ; 23 0xaecc -0.6344
                                                            0
  112 00000030 7E A5           DCW              -23170      ; 24 0xa57e -0.7070
                                                            9
  113 00000032 0E 9D           DCW              -25330      ; 25 0x9d0e -0.7730
                                                            1
  114 00000034 92 95           DCW              -27246      ; 26 0x9592 -0.8314
                                                            8
  115 00000036 1D 8F           DCW              -28899      ; 27 0x8f1d -0.8819
                                                            3
  116 00000038 BE 89           DCW              -30274      ; 28 0x89be -0.9238
                                                            9
  117 0000003A 83 85           DCW              -31357      ; 29 0x8583 -0.9569
                                                            4
  118 0000003C 76 82           DCW              -32138      ; 30 0x8276 -0.9807
                                                            7
  119 0000003E 9E 80           DCW              -32610      ; 31 0x809e -0.9951
                                                            8
  120 00000040 00 80           DCW              -32768      ; 32 0x8000 -1.0000
                                                            0
  121 00000042 9E 80           DCW              -32610      ; 33 0x809e -0.9951
                                                            8
  122 00000044 76 82           DCW              -32138      ; 34 0x8276 -0.9807
                                                            7
  123 00000046 83 85           DCW              -31357      ; 35 0x8583 -0.9569
                                                            4
  124 00000048 BE 89           DCW              -30274      ; 36 0x89be -0.9238
                                                            9
  125 0000004A 1D 8F           DCW              -28899      ; 37 0x8f1d -0.8819
                                                            3
  126 0000004C 92 95           DCW              -27246      ; 38 0x9592 -0.8314



ARM Macro Assembler    Page 5 


                                                            8
  127 0000004E 0E 9D           DCW              -25330      ; 39 0x9d0e -0.7730
                                                            1
  128 00000050 7E A5           DCW              -23170      ; 40 0xa57e -0.7070
                                                            9
  129 00000052 CC AE           DCW              -20788      ; 41 0xaecc -0.6344
                                                            0
  130 00000054 E3 B8           DCW              -18205      ; 42 0xb8e3 -0.5555
                                                            7
  131 00000056 A9 C3           DCW              -15447      ; 43 0xc3a9 -0.4714
                                                            1
  132 00000058 04 CF           DCW              -12540      ; 44 0xcf04 -0.3826
                                                            9
  133 0000005A D8 DA           DCW              -9512       ; 45 0xdad8 -0.2902
                                                            8
  134 0000005C 07 E7           DCW              -6393       ; 46 0xe707 -0.1951
                                                            0
  135 0000005E 74 F3           DCW              -3212       ; 47 0xf374 -0.0980
                                                            2
  136 00000060 00 00           DCW              0           ; 48 0x0000  0.0000
                                                            0
  137 00000062 8C 0C           DCW              3212        ; 49 0x0c8c  0.0980
                                                            2
  138 00000064 F9 18           DCW              6393        ; 50 0x18f9  0.1951
                                                            0
  139 00000066 28 25           DCW              9512        ; 51 0x2528  0.2902
                                                            8
  140 00000068 FC 30           DCW              12540       ; 52 0x30fc  0.3826
                                                            9
  141 0000006A 57 3C           DCW              15447       ; 53 0x3c57  0.4714
                                                            1
  142 0000006C 1D 47           DCW              18205       ; 54 0x471d  0.5555
                                                            7
  143 0000006E 34 51           DCW              20788       ; 55 0x5134  0.6344
                                                            0
  144 00000070 82 5A           DCW              23170       ; 56 0x5a82  0.7070
                                                            9
  145 00000072 F2 62           DCW              25330       ; 57 0x62f2  0.7730
                                                            1
  146 00000074 6E 6A           DCW              27246       ; 58 0x6a6e  0.8314
                                                            8
  147 00000076 E3 70           DCW              28899       ; 59 0x70e3  0.8819
                                                            3
  148 00000078 42 76           DCW              30274       ; 60 0x7642  0.9238
                                                            9
  149 0000007A 7D 7A           DCW              31357       ; 61 0x7a7d  0.9569
                                                            4
  150 0000007C 8A 7D           DCW              32138       ; 62 0x7d8a  0.9807
                                                            7
  151 0000007E 62 7F           DCW              32610       ; 63 0x7f62  0.9951
                                                            8
  152 00000080         TabSin
  153 00000080 00 00           DCW              0           ;  0 0x0000  0.0000
                                                            0
  154 00000082 8C 0C           DCW              3212        ;  1 0x0c8c  0.0980
                                                            2
  155 00000084 F9 18           DCW              6393        ;  2 0x18f9  0.1951
                                                            0
  156 00000086 28 25           DCW              9512        ;  3 0x2528  0.2902



ARM Macro Assembler    Page 6 


                                                            8
  157 00000088 FC 30           DCW              12540       ;  4 0x30fc  0.3826
                                                            9
  158 0000008A 57 3C           DCW              15447       ;  5 0x3c57  0.4714
                                                            1
  159 0000008C 1D 47           DCW              18205       ;  6 0x471d  0.5555
                                                            7
  160 0000008E 34 51           DCW              20788       ;  7 0x5134  0.6344
                                                            0
  161 00000090 82 5A           DCW              23170       ;  8 0x5a82  0.7070
                                                            9
  162 00000092 F2 62           DCW              25330       ;  9 0x62f2  0.7730
                                                            1
  163 00000094 6E 6A           DCW              27246       ; 10 0x6a6e  0.8314
                                                            8
  164 00000096 E3 70           DCW              28899       ; 11 0x70e3  0.8819
                                                            3
  165 00000098 42 76           DCW              30274       ; 12 0x7642  0.9238
                                                            9
  166 0000009A 7D 7A           DCW              31357       ; 13 0x7a7d  0.9569
                                                            4
  167 0000009C 8A 7D           DCW              32138       ; 14 0x7d8a  0.9807
                                                            7
  168 0000009E 62 7F           DCW              32610       ; 15 0x7f62  0.9951
                                                            8
  169 000000A0 FF 7F           DCW              32767       ; 16 0x7fff  0.9999
                                                            7
  170 000000A2 62 7F           DCW              32610       ; 17 0x7f62  0.9951
                                                            8
  171 000000A4 8A 7D           DCW              32138       ; 18 0x7d8a  0.9807
                                                            7
  172 000000A6 7D 7A           DCW              31357       ; 19 0x7a7d  0.9569
                                                            4
  173 000000A8 42 76           DCW              30274       ; 20 0x7642  0.9238
                                                            9
  174 000000AA E3 70           DCW              28899       ; 21 0x70e3  0.8819
                                                            3
  175 000000AC 6E 6A           DCW              27246       ; 22 0x6a6e  0.8314
                                                            8
  176 000000AE F2 62           DCW              25330       ; 23 0x62f2  0.7730
                                                            1
  177 000000B0 82 5A           DCW              23170       ; 24 0x5a82  0.7070
                                                            9
  178 000000B2 34 51           DCW              20788       ; 25 0x5134  0.6344
                                                            0
  179 000000B4 1D 47           DCW              18205       ; 26 0x471d  0.5555
                                                            7
  180 000000B6 57 3C           DCW              15447       ; 27 0x3c57  0.4714
                                                            1
  181 000000B8 FC 30           DCW              12540       ; 28 0x30fc  0.3826
                                                            9
  182 000000BA 28 25           DCW              9512        ; 29 0x2528  0.2902
                                                            8
  183 000000BC F9 18           DCW              6393        ; 30 0x18f9  0.1951
                                                            0
  184 000000BE 8C 0C           DCW              3212        ; 31 0x0c8c  0.0980
                                                            2
  185 000000C0 00 00           DCW              0           ; 32 0x0000  0.0000
                                                            0



ARM Macro Assembler    Page 7 


  186 000000C2 74 F3           DCW              -3212       ; 33 0xf374 -0.0980
                                                            2
  187 000000C4 07 E7           DCW              -6393       ; 34 0xe707 -0.1951
                                                            0
  188 000000C6 D8 DA           DCW              -9512       ; 35 0xdad8 -0.2902
                                                            8
  189 000000C8 04 CF           DCW              -12540      ; 36 0xcf04 -0.3826
                                                            9
  190 000000CA A9 C3           DCW              -15447      ; 37 0xc3a9 -0.4714
                                                            1
  191 000000CC E3 B8           DCW              -18205      ; 38 0xb8e3 -0.5555
                                                            7
  192 000000CE CC AE           DCW              -20788      ; 39 0xaecc -0.6344
                                                            0
  193 000000D0 7E A5           DCW              -23170      ; 40 0xa57e -0.7070
                                                            9
  194 000000D2 0E 9D           DCW              -25330      ; 41 0x9d0e -0.7730
                                                            1
  195 000000D4 92 95           DCW              -27246      ; 42 0x9592 -0.8314
                                                            8
  196 000000D6 1D 8F           DCW              -28899      ; 43 0x8f1d -0.8819
                                                            3
  197 000000D8 BE 89           DCW              -30274      ; 44 0x89be -0.9238
                                                            9
  198 000000DA 83 85           DCW              -31357      ; 45 0x8583 -0.9569
                                                            4
  199 000000DC 76 82           DCW              -32138      ; 46 0x8276 -0.9807
                                                            7
  200 000000DE 9E 80           DCW              -32610      ; 47 0x809e -0.9951
                                                            8
  201 000000E0 00 80           DCW              -32768      ; 48 0x8000 -1.0000
                                                            0
  202 000000E2 9E 80           DCW              -32610      ; 49 0x809e -0.9951
                                                            8
  203 000000E4 76 82           DCW              -32138      ; 50 0x8276 -0.9807
                                                            7
  204 000000E6 83 85           DCW              -31357      ; 51 0x8583 -0.9569
                                                            4
  205 000000E8 BE 89           DCW              -30274      ; 52 0x89be -0.9238
                                                            9
  206 000000EA 1D 8F           DCW              -28899      ; 53 0x8f1d -0.8819
                                                            3
  207 000000EC 92 95           DCW              -27246      ; 54 0x9592 -0.8314
                                                            8
  208 000000EE 0E 9D           DCW              -25330      ; 55 0x9d0e -0.7730
                                                            1
  209 000000F0 7E A5           DCW              -23170      ; 56 0xa57e -0.7070
                                                            9
  210 000000F2 CC AE           DCW              -20788      ; 57 0xaecc -0.6344
                                                            0
  211 000000F4 E3 B8           DCW              -18205      ; 58 0xb8e3 -0.5555
                                                            7
  212 000000F6 A9 C3           DCW              -15447      ; 59 0xc3a9 -0.4714
                                                            1
  213 000000F8 04 CF           DCW              -12540      ; 60 0xcf04 -0.3826
                                                            9
  214 000000FA D8 DA           DCW              -9512       ; 61 0xdad8 -0.2902
                                                            8
  215 000000FC 07 E7           DCW              -6393       ; 62 0xe707 -0.1951



ARM Macro Assembler    Page 8 


                                                            0
  216 000000FE 74 F3           DCW              -3212       ; 63 0xf374 -0.0980
                                                            2
  217 00000100         
  218 00000100         
  219 00000100         
  220 00000100         
  221 00000100                 END
Command Line: --debug --xref --diag_suppress=9931 --cpu=Cortex-M3 --apcs=interw
ork --depend=.\obj\dft.d -o.\obj\dft.o -I.\RTE\_CibleSondeKEIL -IC:\Programdata
\Keil\Arm\Packs\ARM\CMSIS\5.7.0\CMSIS\Core\Include -IC:\Programdata\Keil\Arm\Pa
cks\Keil\STM32F1xx_DFP\2.3.0\Device\Include --predefine="__EVAL SETA 1" --prede
fine="__MICROLIB SETA 1" --predefine="__UVISION_VERSION SETA 530" --predefine="
_RTE_ SETA 1" --predefine="STM32F10X_MD SETA 1" --predefine="_RTE_ SETA 1" --li
st=dft.lst Src\DFT.s



ARM Macro Assembler    Page 1 Alphabetic symbol ordering
Relocatable symbols

mesdata 00000000

Symbol: mesdata
   Definitions
      At line 7 in file Src\DFT.s
   Uses
      None
Comment: mesdata unused
1 symbol



ARM Macro Assembler    Page 1 Alphabetic symbol ordering
Relocatable symbols

maram 00000000

Symbol: maram
   Definitions
      At line 11 in file Src\DFT.s
   Uses
      None
Comment: maram unused
1 symbol



ARM Macro Assembler    Page 1 Alphabetic symbol ordering
Relocatable symbols

Calcul 00000000

Symbol: Calcul
   Definitions
      At line 29 in file Src\DFT.s
   Uses
      At line 25 in file Src\DFT.s
      At line 65 in file Src\DFT.s
      At line 70 in file Src\DFT.s

DFT_ModuleAuCarre 0000003E

Symbol: DFT_ModuleAuCarre
   Definitions
      At line 62 in file Src\DFT.s
   Uses
      At line 23 in file Src\DFT.s
Comment: DFT_ModuleAuCarre used once
compare 00000008

Symbol: compare
   Definitions
      At line 36 in file Src\DFT.s
   Uses
      At line 55 in file Src\DFT.s
Comment: compare used once
end_loop 0000003A

Symbol: end_loop
   Definitions
      At line 57 in file Src\DFT.s
   Uses
      At line 39 in file Src\DFT.s
Comment: end_loop used once
loop 0000000E

Symbol: loop
   Definitions
      At line 41 in file Src\DFT.s
   Uses
      At line 38 in file Src\DFT.s
Comment: loop used once
moncode 00000000

Symbol: moncode
   Definitions
      At line 21 in file Src\DFT.s
   Uses
      None
Comment: moncode unused
6 symbols



ARM Macro Assembler    Page 1 Alphabetic symbol ordering
Relocatable symbols

TabCos 00000000

Symbol: TabCos
   Definitions
      At line 87 in file Src\DFT.s
   Uses
      At line 63 in file Src\DFT.s
Comment: TabCos used once
TabSin 00000080

Symbol: TabSin
   Definitions
      At line 152 in file Src\DFT.s
   Uses
      At line 69 in file Src\DFT.s
Comment: TabSin used once
Trigo 00000000

Symbol: Trigo
   Definitions
      At line 82 in file Src\DFT.s
   Uses
      None
Comment: Trigo unused
3 symbols



ARM Macro Assembler    Page 1 Alphabetic symbol ordering
External symbols

GPIOA_Clear 00000000

Symbol: GPIOA_Clear
   Definitions
      At line 48 in file Src\..\Driver\DriverJeuLaser.inc
   Uses
      None
Comment: GPIOA_Clear unused
GPIOA_Set 00000000

Symbol: GPIOA_Set
   Definitions
      At line 30 in file Src\..\Driver\DriverJeuLaser.inc
   Uses
      None
Comment: GPIOA_Set unused
GPIOB_Clear 00000000

Symbol: GPIOB_Clear
   Definitions
      At line 51 in file Src\..\Driver\DriverJeuLaser.inc
   Uses
      None
Comment: GPIOB_Clear unused
GPIOB_Set 00000000

Symbol: GPIOB_Set
   Definitions
      At line 33 in file Src\..\Driver\DriverJeuLaser.inc
   Uses
      None
Comment: GPIOB_Set unused
GPIOC_Clear 00000000

Symbol: GPIOC_Clear
   Definitions
      At line 54 in file Src\..\Driver\DriverJeuLaser.inc
   Uses
      None
Comment: GPIOC_Clear unused
GPIOC_Set 00000000

Symbol: GPIOC_Set
   Definitions
      At line 36 in file Src\..\Driver\DriverJeuLaser.inc
   Uses
      None
Comment: GPIOC_Set unused
PWM_Set_Value_TIM3_Ch3 00000000

Symbol: PWM_Set_Value_TIM3_Ch3
   Definitions
      At line 18 in file Src\..\Driver\DriverJeuLaser.inc
   Uses
      None
Comment: PWM_Set_Value_TIM3_Ch3 unused
7 symbols
355 symbols in table
