


ARM Macro Assembler    Page 1 


    1 00000000                 PRESERVE8
    2 00000000                 THUMB
    3 00000000         
    4 00000000         ; ====================== zone de réservation de données,
                         ======================================
    5 00000000         ;Section RAM (read only) :
    6 00000000                 area             mesdata,data,readonly
    7 00000000         
    8 00000000         
    9 00000000         ;Section RAM (read write):
   10 00000000                 area             maram,data,readwrite
   11 00000000         
   12 00000000 00000000 
                       SortieSon
                               DCD              0
   13 00000004 00000000 
                       AdressSon
                               DCD              0
   14 00000008         
   15 00000008         ; ======================================================
                       =========================================
   16 00000008         
   17 00000008         ;Section ROM code (read only) :  
   18 00000008                 area             moncode,code,readonly
   19 00000000         ; écrire le code ici 
   20 00000000                 export           CallbackSon
   21 00000000                 export           SortieSon
   22 00000000         
   23 00000000                 import           Son         ;Adresse du tableau
                                                             de sons
   24 00000000         
   25 00000000         CallbackSon
   26 00000000         
   27 00000000 490B            ldr              r1, =AdressSon
   28 00000002 4B0C            ldr              r3, =SortieSon
   29 00000004 6808            ldr              r0, [r1]    ; r1 adresse du son
                                                            , r0 valeur
   30 00000006         
   31 00000006 2800            cmp              r0, #0      ; Si adresse son va
                                                            ut 0
   32 00000008 D101            bne              lire_son
   33 0000000A 480B            ldr              r0, =Son
   34 0000000C E7FF            b                lire_son
   35 0000000E         
   36 0000000E         lire_son
   37 0000000E         
   38 0000000E F9B0 2000       ldrsh            r2,[r0]     ; half : lis sur 16
                                                             bit
   39 00000012 F512 4200       adds             r2, #32768
   40 00000016 F240 24CF       mov              r4, #719
   41 0000001A FB02 F204       mul              r2, r4
   42 0000001E F44F 3480       mov              r4, #65536
   43 00000022 FB92 F2F4       sdiv             r2, r4
   44 00000026 601A            str              r2, [r3]    ; stock le son dans
                                                             SortieSon
   45 00000028 F100 0002       add              r0, #2      ; incrémente de 16 
                                                            bits
   46 0000002C 6008            str              r0, [r1]    ; stock adresse son
                                                            



ARM Macro Assembler    Page 2 


   47 0000002E         
   48 0000002E 4770            bx               lr
   49 00000030         
   50 00000030                 END
              00000000 
              00000000 
              00000000 
Command Line: --debug --xref --diag_suppress=9931 --cpu=Cortex-M3 --apcs=interw
ork --depend=.\obj\gestionson.d -o.\obj\gestionson.o -I.\RTE\_Simu -IC:\Program
data\Keil\Arm\Packs\ARM\CMSIS\5.7.0\CMSIS\Core\Include -IC:\Programdata\Keil\Ar
m\Packs\Keil\STM32F1xx_DFP\2.3.0\Device\Include --predefine="__EVAL SETA 1" --p
redefine="__MICROLIB SETA 1" --predefine="__UVISION_VERSION SETA 530" --predefi
ne="_RTE_ SETA 1" --predefine="STM32F10X_MD SETA 1" --predefine="_RTE_ SETA 1" 
--list=gestionson.lst Src\GestionSon.s



ARM Macro Assembler    Page 1 Alphabetic symbol ordering
Relocatable symbols

mesdata 00000000

Symbol: mesdata
   Definitions
      At line 6 in file Src\GestionSon.s
   Uses
      None
Comment: mesdata unused
1 symbol



ARM Macro Assembler    Page 1 Alphabetic symbol ordering
Relocatable symbols

AdressSon 00000004

Symbol: AdressSon
   Definitions
      At line 13 in file Src\GestionSon.s
   Uses
      At line 27 in file Src\GestionSon.s
Comment: AdressSon used once
SortieSon 00000000

Symbol: SortieSon
   Definitions
      At line 12 in file Src\GestionSon.s
   Uses
      At line 21 in file Src\GestionSon.s
      At line 28 in file Src\GestionSon.s

maram 00000000

Symbol: maram
   Definitions
      At line 10 in file Src\GestionSon.s
   Uses
      None
Comment: maram unused
3 symbols



ARM Macro Assembler    Page 1 Alphabetic symbol ordering
Relocatable symbols

CallbackSon 00000000

Symbol: CallbackSon
   Definitions
      At line 25 in file Src\GestionSon.s
   Uses
      At line 20 in file Src\GestionSon.s
Comment: CallbackSon used once
lire_son 0000000E

Symbol: lire_son
   Definitions
      At line 36 in file Src\GestionSon.s
   Uses
      At line 32 in file Src\GestionSon.s
      At line 34 in file Src\GestionSon.s

moncode 00000000

Symbol: moncode
   Definitions
      At line 18 in file Src\GestionSon.s
   Uses
      None
Comment: moncode unused
3 symbols



ARM Macro Assembler    Page 1 Alphabetic symbol ordering
External symbols

Son 00000000

Symbol: Son
   Definitions
      At line 23 in file Src\GestionSon.s
   Uses
      At line 33 in file Src\GestionSon.s
Comment: Son used once
1 symbol
345 symbols in table
